<?xml version="1.0" encoding="UTF-8"?>
<testsuite xmlns:xsi="http://www.w3.org/2001/XMLSchema-instance" xsi:noNamespaceSchemaLocation="https://maven.apache.org/surefire/maven-surefire-plugin/xsd/surefire-test-report.xsd" name="com.example.bank.AppTest" time="0.062" tests="5" errors="0" skipped="0" failures="0">
  <properties>
    <property name="java.specification.version" value="17"/>
    <property name="sun.cpu.isalist" value="amd64"/>
    <property name="sun.jnu.encoding" value="GBK"/>
    <property name="java.class.path" value="D:\Laila\Workspaces\OracleBanking\target\test-classes;D:\Laila\Workspaces\OracleBanking\target\classes;C:\Users\erin_\.m2\repository\org\junit\jupiter\junit-jupiter-api\5.8.1\junit-jupiter-api-5.8.1.jar;C:\Users\erin_\.m2\repository\org\opentest4j\opentest4j\1.2.0\opentest4j-1.2.0.jar;C:\Users\erin_\.m2\repository\org\junit\platform\junit-platform-commons\1.8.1\junit-platform-commons-1.8.1.jar;C:\Users\erin_\.m2\repository\org\apiguardian\apiguardian-api\1.1.2\apiguardian-api-1.1.2.jar;"/>
    <property name="java.vm.vendor" value="Oracle Corporation"/>
    <property name="sun.arch.data.model" value="64"/>
    <property name="user.variant" value=""/>
    <property name="java.vendor.url" value="https://java.oracle.com/"/>
    <property name="user.timezone" value="Europe/London"/>
    <property name="os.name" value="Windows 11"/>
    <property name="java.vm.specification.version" value="17"/>
    <property name="sun.java.launcher" value="SUN_STANDARD"/>
    <property name="user.country" value="CN"/>
    <property name="sun.boot.library.path" value="C:\Program Files\Java\jdk-17\bin"/>
    <property name="sun.java.command" value="C:\Users\erin_\AppData\Local\Temp\surefire15115522311779718747\surefirebooter1870978970619249989.jar C:\Users\erin_\AppData\Local\Temp\surefire15115522311779718747 2024-04-11T17-54-25_254-jvmRun1 surefire3505619264491707335tmp surefire_016040342802350848840tmp"/>
    <property name="jdk.debug" value="release"/>
    <property name="surefire.test.class.path" value="D:\Laila\Workspaces\OracleBanking\target\test-classes;D:\Laila\Workspaces\OracleBanking\target\classes;C:\Users\erin_\.m2\repository\org\junit\jupiter\junit-jupiter-api\5.8.1\junit-jupiter-api-5.8.1.jar;C:\Users\erin_\.m2\repository\org\opentest4j\opentest4j\1.2.0\opentest4j-1.2.0.jar;C:\Users\erin_\.m2\repository\org\junit\platform\junit-platform-commons\1.8.1\junit-platform-commons-1.8.1.jar;C:\Users\erin_\.m2\repository\org\apiguardian\apiguardian-api\1.1.2\apiguardian-api-1.1.2.jar;"/>
    <property name="sun.cpu.endian" value="little"/>
    <property name="user.home" value="C:\Users\erin_"/>
    <property name="user.language" value="zh"/>
    <property name="java.specification.vendor" value="Oracle Corporation"/>
    <property name="java.version.date" value="2024-01-16"/>
    <property name="java.home" value="C:\Program Files\Java\jdk-17"/>
    <property name="file.separator" value="\"/>
    <property name="basedir" value="D:\Laila\Workspaces\OracleBanking"/>
    <property name="java.vm.compressedOopsMode" value="Zero based"/>
    <property name="line.separator" value="&#10;"/>
    <property name="java.vm.specification.vendor" value="Oracle Corporation"/>
    <property name="java.specification.name" value="Java Platform API Specification"/>
    <property name="surefire.real.class.path" value="C:\Users\erin_\AppData\Local\Temp\surefire15115522311779718747\surefirebooter1870978970619249989.jar"/>
    <property name="user.script" value=""/>
    <property name="sun.management.compiler" value="HotSpot 64-Bit Tiered Compilers"/>
    <property name="java.runtime.version" value="17.0.10+11-LTS-240"/>
    <property name="user.name" value="erin_"/>
    <property name="path.separator" value=";"/>
    <property name="os.version" value="10.0"/>
    <property name="java.runtime.name" value="Java(TM) SE Runtime Environment"/>
    <property name="file.encoding" value="GBK"/>
    <property name="java.vm.name" value="Java HotSpot(TM) 64-Bit Server VM"/>
    <property name="localRepository" value="C:\Users\erin_\.m2\repository"/>
    <property name="java.vendor.url.bug" value="https://bugreport.java.com/bugreport/"/>
    <property name="java.io.tmpdir" value="C:\Users\erin_\AppData\Local\Temp\"/>
    <property name="java.version" value="17.0.10"/>
    <property name="user.dir" value="D:\Laila\Workspaces\OracleBanking"/>
    <property name="os.arch" value="amd64"/>
    <property name="java.vm.specification.name" value="Java Virtual Machine Specification"/>
    <property name="sun.os.patch.level" value=""/>
    <property name="native.encoding" value="GBK"/>
    <property name="java.library.path" value="C:\Program Files\Java\jdk-17\bin;C:\Windows\Sun\Java\bin;C:\Windows\system32;C:\Windows;C:\Program Files (x86)\Common Files\Oracle\Java\javapath;D:\hd-tus\Agile2\apache-maven-3.9.6-bin\apache-maven-3.9.6\bin;C:\Program Files\Git\bin;C:\Program Files\Git\cmd;C:\Program Files\MySQL\MySQL Shell 8.0\bin\;C:\Users\erin_\AppData\Local\Microsoft\WindowsApps;C:\Users\erin_\.dotnet\tools;C:\Users\erin_\AppData\Local\gitkraken\bin;C:\Users\erin_\AppData\Roaming\npm;C:\Users\erin_\AppData\Local\Programs\Microsoft VS Code\bin;C:\Users\erin_\AppData\Roaming\npm;C:\Program Files\nodejs;C:\Program Files\nodejs\node_modules;C:\Users\erin_\vscode-workspaces\dwte-login\node_modules;C:\Program Files\nodejs\node_global;D:\hd-tus\个人笔记\jdbcTest\mysql-connector-j-8.1.0\mysql-connector-j-8.1.0;C:\Users\erin_\.dotnet\tools;D:\hd-tus\Agile2\apache-maven-3.9.6-bin\apache-maven-3.9.6\bin;C:\Program Files\Java\jdk-17\bin;C:\Program Files\Git\git-cmd.exe;C:\Program Files\Git\bin;C:\Program Files\Git\cmd;;."/>
    <property name="java.vm.info" value="mixed mode, sharing"/>
    <property name="java.vendor" value="Oracle Corporation"/>
    <property name="java.vm.version" value="17.0.10+11-LTS-240"/>
    <property name="sun.io.unicode.encoding" value="UnicodeLittle"/>
    <property name="java.class.version" value="61.0"/>
  </properties>
  <testcase name="com.example.bank.AppTest.testCalculateBalance" classname="com.example.bank.AppTest" time="0.028"/>
  <testcase name="com.example.bank.AppTest.testIsBalanceNegative" classname="com.example.bank.AppTest" time="0.001"/>
  <testcase name="com.example.bank.AppTest.testCalculateDeposit" classname="com.example.bank.AppTest" time="0"/>
  <testcase name="com.example.bank.AppTest.testCalculateWithdrawSufficientBalance" classname="com.example.bank.AppTest" time="0"/>
  <testcase name="com.example.bank.AppTest.testCalculateWithdrawInsufficientBalance" classname="com.example.bank.AppTest" time="0.032"/>
</testsuite>